  Attacks.cpp
c:\users\story\source\repos\omega's bane\omega's bane\attacks.cpp(173): warning C4244: 'argument': conversion from 'time_t' to 'unsigned int', possible loss of data
  Enemy.cpp
  Player.cpp
  main.cpp
c:\users\story\source\repos\omega's bane\omega's bane\main.cpp(102): warning C4018: '<': signed/unsigned mismatch
c:\users\story\source\repos\omega's bane\omega's bane\main.cpp(109): warning C4551: function call missing argument list
c:\users\story\source\repos\omega's bane\omega's bane\main.cpp(169): warning C4244: 'argument': conversion from 'double' to 'int', possible loss of data
c:\users\story\source\repos\omega's bane\omega's bane\main.cpp(188): warning C4244: 'argument': conversion from 'double' to 'int', possible loss of data
c:\users\story\source\repos\omega's bane\omega's bane\main.cpp(207): warning C4244: 'argument': conversion from 'double' to 'int', possible loss of data
c:\users\story\source\repos\omega's bane\omega's bane\main.cpp(258): warning C4244: 'argument': conversion from 'double' to 'int', possible loss of data
c:\users\story\source\repos\omega's bane\omega's bane\main.cpp(278): warning C4244: 'argument': conversion from 'double' to 'int', possible loss of data
c:\users\story\source\repos\omega's bane\omega's bane\main.cpp(298): warning C4244: 'argument': conversion from 'double' to 'int', possible loss of data
c:\users\story\source\repos\omega's bane\omega's bane\main.cpp(335): warning C4244: 'argument': conversion from 'double' to 'int', possible loss of data
c:\users\story\source\repos\omega's bane\omega's bane\main.cpp(352): warning C4244: 'argument': conversion from 'double' to 'int', possible loss of data
c:\users\story\source\repos\omega's bane\omega's bane\main.cpp(369): warning C4244: 'argument': conversion from 'double' to 'int', possible loss of data
c:\users\story\source\repos\omega's bane\omega's bane\main.cpp(409): warning C4244: 'argument': conversion from 'double' to 'int', possible loss of data
c:\users\story\source\repos\omega's bane\omega's bane\main.cpp(424): warning C4244: 'argument': conversion from 'double' to 'int', possible loss of data
c:\users\story\source\repos\omega's bane\omega's bane\main.cpp(439): warning C4244: 'argument': conversion from 'double' to 'int', possible loss of data
c:\users\story\source\repos\omega's bane\omega's bane\main.cpp(469): warning C4244: '+=': conversion from 'double' to 'int', possible loss of data
c:\users\story\source\repos\omega's bane\omega's bane\main.cpp(500): warning C4244: 'argument': conversion from 'double' to 'int', possible loss of data
c:\users\story\source\repos\omega's bane\omega's bane\main.cpp(520): warning C4244: 'argument': conversion from 'double' to 'int', possible loss of data
c:\users\story\source\repos\omega's bane\omega's bane\main.cpp(540): warning C4244: 'argument': conversion from 'double' to 'int', possible loss of data
c:\users\story\source\repos\omega's bane\omega's bane\main.cpp(595): warning C4244: 'argument': conversion from 'double' to 'int', possible loss of data
c:\users\story\source\repos\omega's bane\omega's bane\main.cpp(616): warning C4244: 'argument': conversion from 'double' to 'int', possible loss of data
c:\users\story\source\repos\omega's bane\omega's bane\main.cpp(637): warning C4244: 'argument': conversion from 'double' to 'int', possible loss of data
c:\users\story\source\repos\omega's bane\omega's bane\main.cpp(673): warning C4244: 'argument': conversion from 'double' to 'int', possible loss of data
c:\users\story\source\repos\omega's bane\omega's bane\main.cpp(688): warning C4244: 'argument': conversion from 'double' to 'int', possible loss of data
c:\users\story\source\repos\omega's bane\omega's bane\main.cpp(703): warning C4244: 'argument': conversion from 'double' to 'int', possible loss of data
c:\users\story\source\repos\omega's bane\omega's bane\main.cpp(723): warning C4244: '+=': conversion from 'double' to 'int', possible loss of data
c:\users\story\source\repos\omega's bane\omega's bane\main.cpp(756): warning C4244: 'argument': conversion from 'double' to 'int', possible loss of data
c:\users\story\source\repos\omega's bane\omega's bane\main.cpp(759): warning C4244: 'argument': conversion from 'double' to 'int', possible loss of data
c:\users\story\source\repos\omega's bane\omega's bane\main.cpp(763): warning C4244: 'argument': conversion from 'double' to 'int', possible loss of data
c:\users\story\source\repos\omega's bane\omega's bane\main.cpp(797): warning C4244: 'argument': conversion from 'double' to 'int', possible loss of data
c:\users\story\source\repos\omega's bane\omega's bane\main.cpp(800): warning C4244: 'argument': conversion from 'double' to 'int', possible loss of data
c:\users\story\source\repos\omega's bane\omega's bane\main.cpp(804): warning C4244: 'argument': conversion from 'double' to 'int', possible loss of data
c:\users\story\source\repos\omega's bane\omega's bane\main.cpp(835): warning C4244: 'argument': conversion from 'double' to 'int', possible loss of data
c:\users\story\source\repos\omega's bane\omega's bane\main.cpp(838): warning C4244: 'argument': conversion from 'double' to 'int', possible loss of data
c:\users\story\source\repos\omega's bane\omega's bane\main.cpp(842): warning C4244: 'argument': conversion from 'double' to 'int', possible loss of data
c:\users\story\source\repos\omega's bane\omega's bane\main.cpp(893): warning C4244: 'argument': conversion from 'double' to 'int', possible loss of data
c:\users\story\source\repos\omega's bane\omega's bane\main.cpp(902): warning C4244: 'argument': conversion from 'double' to 'int', possible loss of data
c:\users\story\source\repos\omega's bane\omega's bane\main.cpp(911): warning C4244: 'argument': conversion from 'double' to 'int', possible loss of data
c:\users\story\source\repos\omega's bane\omega's bane\main.cpp(929): warning C4244: '+=': conversion from 'double' to 'int', possible loss of data
c:\users\story\source\repos\omega's bane\omega's bane\main.cpp(933): warning C4244: '+=': conversion from 'double' to 'int', possible loss of data
c:\users\story\source\repos\omega's bane\omega's bane\main.cpp(964): warning C4244: 'argument': conversion from 'double' to 'int', possible loss of data
c:\users\story\source\repos\omega's bane\omega's bane\main.cpp(984): warning C4244: 'argument': conversion from 'double' to 'int', possible loss of data
c:\users\story\source\repos\omega's bane\omega's bane\main.cpp(1004): warning C4244: 'argument': conversion from 'double' to 'int', possible loss of data
c:\users\story\source\repos\omega's bane\omega's bane\main.cpp(1056): warning C4244: 'argument': conversion from 'double' to 'int', possible loss of data
c:\users\story\source\repos\omega's bane\omega's bane\main.cpp(1071): warning C4244: 'argument': conversion from 'double' to 'int', possible loss of data
c:\users\story\source\repos\omega's bane\omega's bane\main.cpp(1086): warning C4244: 'argument': conversion from 'double' to 'int', possible loss of data
c:\users\story\source\repos\omega's bane\omega's bane\main.cpp(1134): warning C4244: 'argument': conversion from 'double' to 'int', possible loss of data
c:\users\story\source\repos\omega's bane\omega's bane\main.cpp(1149): warning C4244: 'argument': conversion from 'double' to 'int', possible loss of data
c:\users\story\source\repos\omega's bane\omega's bane\main.cpp(1164): warning C4244: 'argument': conversion from 'double' to 'int', possible loss of data
c:\users\story\source\repos\omega's bane\omega's bane\main.cpp(1200): warning C4244: 'argument': conversion from 'double' to 'int', possible loss of data
c:\users\story\source\repos\omega's bane\omega's bane\main.cpp(1207): warning C4244: 'argument': conversion from 'double' to 'int', possible loss of data
c:\users\story\source\repos\omega's bane\omega's bane\main.cpp(1214): warning C4244: '+=': conversion from 'double' to 'int', possible loss of data
c:\users\story\source\repos\omega's bane\omega's bane\main.cpp(1234): warning C4244: 'argument': conversion from 'double' to 'int', possible loss of data
c:\users\story\source\repos\omega's bane\omega's bane\main.cpp(1242): warning C4244: 'argument': conversion from 'double' to 'int', possible loss of data
c:\users\story\source\repos\omega's bane\omega's bane\main.cpp(1251): warning C4244: 'argument': conversion from 'double' to 'int', possible loss of data
c:\users\story\source\repos\omega's bane\omega's bane\main.cpp(1259): warning C4244: 'argument': conversion from 'double' to 'int', possible loss of data
c:\users\story\source\repos\omega's bane\omega's bane\main.cpp(1268): warning C4244: 'argument': conversion from 'double' to 'int', possible loss of data
c:\users\story\source\repos\omega's bane\omega's bane\main.cpp(1274): warning C4244: '+=': conversion from 'double' to 'int', possible loss of data
c:\users\story\source\repos\omega's bane\omega's bane\main.cpp(1291): warning C4244: 'argument': conversion from 'double' to 'int', possible loss of data
c:\users\story\source\repos\omega's bane\omega's bane\main.cpp(1296): warning C4244: '+=': conversion from 'double' to 'int', possible loss of data
c:\users\story\source\repos\omega's bane\omega's bane\main.cpp(1303): warning C4244: '+=': conversion from 'double' to 'int', possible loss of data
c:\users\story\source\repos\omega's bane\omega's bane\main.cpp(1310): warning C4244: '+=': conversion from 'double' to 'int', possible loss of data
c:\users\story\source\repos\omega's bane\omega's bane\main.cpp(1318): warning C4244: 'argument': conversion from 'double' to 'int', possible loss of data
c:\users\story\source\repos\omega's bane\omega's bane\main.cpp(1326): warning C4244: 'argument': conversion from 'double' to 'int', possible loss of data
c:\users\story\source\repos\omega's bane\omega's bane\main.cpp(1339): warning C4018: '<': signed/unsigned mismatch
c:\users\story\source\repos\omega's bane\omega's bane\main.cpp(1347): warning C4018: '<=': signed/unsigned mismatch
c:\users\story\source\repos\omega's bane\omega's bane\main.cpp(1351): warning C4244: '+=': conversion from 'double' to 'int', possible loss of data
c:\users\story\source\repos\omega's bane\omega's bane\main.cpp(1357): warning C4244: '+=': conversion from 'double' to 'int', possible loss of data
c:\users\story\source\repos\omega's bane\omega's bane\main.cpp(1363): warning C4244: '+=': conversion from 'double' to 'int', possible loss of data
c:\users\story\source\repos\omega's bane\omega's bane\main.cpp(1369): warning C4244: '+=': conversion from 'double' to 'int', possible loss of data
c:\users\story\source\repos\omega's bane\omega's bane\main.cpp(1376): warning C4244: '+=': conversion from 'double' to 'int', possible loss of data
c:\users\story\source\repos\omega's bane\omega's bane\main.cpp(1383): warning C4244: '+=': conversion from 'double' to 'int', possible loss of data
c:\users\story\source\repos\omega's bane\omega's bane\main.cpp(1401): warning C4244: '+=': conversion from 'double' to 'int', possible loss of data
c:\users\story\source\repos\omega's bane\omega's bane\main.cpp(1414): warning C4244: '+=': conversion from 'double' to 'int', possible loss of data
c:\users\story\source\repos\omega's bane\omega's bane\main.cpp(1624): warning C4244: '+=': conversion from 'double' to 'int', possible loss of data
c:\users\story\source\repos\omega's bane\omega's bane\main.cpp(1626): warning C4244: '+=': conversion from 'double' to 'int', possible loss of data
c:\users\story\source\repos\omega's bane\omega's bane\main.cpp(1637): warning C4244: 'argument': conversion from 'time_t' to 'unsigned int', possible loss of data
c:\users\story\source\repos\omega's bane\omega's bane\main.cpp(1934): warning C4244: '+=': conversion from 'double' to 'int', possible loss of data
c:\users\story\source\repos\omega's bane\omega's bane\main.cpp(1970): warning C4244: '+=': conversion from 'double' to 'int', possible loss of data
c:\users\story\source\repos\omega's bane\omega's bane\main.cpp(2278): warning C4018: '<': signed/unsigned mismatch
c:\users\story\source\repos\omega's bane\omega's bane\main.cpp(2367): warning C4244: 'argument': conversion from 'time_t' to 'unsigned int', possible loss of data
c:\users\story\source\repos\omega's bane\omega's bane\main.cpp(2412): warning C4018: '<': signed/unsigned mismatch
c:\users\story\source\repos\omega's bane\omega's bane\main.cpp(2532): warning C4552: '+': result of expression not used
c:\users\story\source\repos\omega's bane\omega's bane\main.cpp(2588): warning C4244: 'argument': conversion from 'time_t' to 'unsigned int', possible loss of data
  Generating Code...
c:\users\story\source\repos\omega's bane\omega's bane\enemy.cpp(103): warning C4715: 'GetElite': not all control paths return a value
c:\users\story\source\repos\omega's bane\omega's bane\enemy.cpp(127): warning C4715: 'GetBoss': not all control paths return a value
  Omega's Bane.vcxproj -> C:\Users\Story\source\repos\Omega's Bane\Debug\Omega's Bane.exe
